Arguments: 
  C:\Program Files\nodejs\node.exe C:\Users\Alex Zhang\AppData\Roaming\npm\node_modules\yarn\bin\yarn.js info

PATH: 
  C:\Program Files\Python39\Scripts\;C:\Program Files\Python39\;C:\WINDOWS\system32;C:\WINDOWS;C:\WINDOWS\System32\Wbem;C:\WINDOWS\System32\WindowsPowerShell\v1.0\;C:\WINDOWS\System32\OpenSSH\;C:\Program Files\Git\cmd;C:\Users\Alex Zhang\AppData\Roaming\nvm;C:\Program Files\nodejs;C:\Users\Alex Zhang\AppData\Local\Programs\Python\Python39\Scripts\;C:\Users\Alex Zhang\AppData\Local\Programs\Python\Python39;c:\users\alex zhang\appdata\roaming\python\python39\scripts;C:\Users\Alex Zhang\AppData\Local\Microsoft\WindowsApps;C:\Users\Alex Zhang\AppData\Local\Programs\Microsoft VS Code\bin;C:\Users\Alex Zhang\AppData\Local\GitHubDesktop\bin;C:\Users\Alex Zhang\AppData\Roaming\npm;C:\Users\Alex Zhang\AppData\Roaming\nvm;C:\Program Files\nodejs;;c:\users\alex zhang\appdata\local\packages\pythonsoftwarefoundation.python.3.10_qbz5n2kfra8p0\localcache\local-packages\python310\scripts;c:\users\alex zhang\.local\bin

Yarn version: 
  1.22.18

Node version: 
  16.14.2

Platform: 
  win32 x64

Trace: 
  TypeError: Cannot read properties of null (reading '1')
      at parsePackageName (C:\Users\Alex Zhang\AppData\Roaming\npm\node_modules\yarn\lib\cli.js:97192:29)
      at Object.<anonymous> (C:\Users\Alex Zhang\AppData\Roaming\npm\node_modules\yarn\lib\cli.js:84754:90)
      at Generator.next (<anonymous>)
      at step (C:\Users\Alex Zhang\AppData\Roaming\npm\node_modules\yarn\lib\cli.js:310:30)
      at C:\Users\Alex Zhang\AppData\Roaming\npm\node_modules\yarn\lib\cli.js:321:13

npm manifest: 
  {
    "dependencies": {
      "yarn": "^1.22.19"
    }
  }

yarn manifest: 
  No manifest

Lockfile: 
  # THIS IS AN AUTOGENERATED FILE. DO NOT EDIT THIS FILE DIRECTLY.
  # yarn lockfile v1
  
  
  yarn@^1.22.19:
    version "1.22.19"
    resolved "https://registry.yarnpkg.com/yarn/-/yarn-1.22.19.tgz#4ba7fc5c6e704fce2066ecbfb0b0d8976fe62447"
    integrity sha512-/0V5q0WbslqnwP91tirOvldvYISzaqhClxzyUKXYxs07yUILIs5jx/k6CFe8bvKSkds5w+eiOqta39Wk3WxdcQ==
